cfls = 2.0 .^ (0:-1:-5) = [1.0, 0.5, 0.25, 0.125, 0.0625, 0.03125]
(sbp_order, characteristic_method, α) = (2, true, 1)
(cfl, ϵ) = (1.0, 3.2654900209977105e-6)
(cfl, ϵ) = (0.5, 3.265488302249183e-6)
(cfl, ϵ) = (0.25, 3.2654858364488404e-6)
(cfl, ϵ) = (0.125, 3.265485623321039e-6)
(cfl, ϵ) = (0.0625, 3.265485608022249e-6)
(cfl, ϵ) = (0.03125, 3.2654856070284123e-6)

(sbp_order, characteristic_method, α) = (2, true, 4)
(cfl, ϵ) = (1.0, 3.035161618927484e-6)
(cfl, ϵ) = (0.5, 3.0351741896398983e-6)
(cfl, ϵ) = (0.25, 3.0351732472415245e-6)
(cfl, ϵ) = (0.125, 3.0351731345188207e-6)
(cfl, ϵ) = (0.0625, 3.0351731255043785e-6)
(cfl, ϵ) = (0.03125, 3.0351731248937444e-6)

(sbp_order, characteristic_method, α) = (2, true, 16)
(cfl, ϵ) = (1.0, 2.964465955219743e-6)
(cfl, ϵ) = (0.5, 2.9644758618527154e-6)
(cfl, ϵ) = (0.25, 2.964475441881639e-6)
(cfl, ϵ) = (0.125, 2.964475378653573e-6)
(cfl, ϵ) = (0.0625, 2.96447537320834e-6)
(cfl, ϵ) = (0.03125, 2.964475372827977e-6)

(sbp_order, characteristic_method, α) = (2, true, 64)
(cfl, ϵ) = (1.0, 2.950201756003435e-6)
(cfl, ϵ) = (0.5, 2.9502089800616467e-6)
(cfl, ϵ) = (0.25, 2.9502085949228904e-6)
(cfl, ϵ) = (0.125, 2.9502085398671206e-6)
(cfl, ϵ) = (0.0625, 2.9502085351148842e-6)
(cfl, ϵ) = (0.03125, 2.9502085347804506e-6)

(sbp_order, characteristic_method, α) = (2, true, 128)
(cfl, ϵ) = (1.0, 2.9481723279468694e-6)
(cfl, ϵ) = (0.5, 2.948178991651953e-6)
(cfl, ϵ) = (0.25, 2.9481786038687725e-6)
(cfl, ϵ) = (0.125, 2.948178549675775e-6)
(cfl, ϵ) = (0.0625, 2.9481785450100386e-6)
(cfl, ϵ) = (0.03125, 2.9481785446844667e-6)

(sbp_order, characteristic_method, α) = (2, false, 1)
(cfl, ϵ) = (1.0, 2.936018692255197e-6)
(cfl, ϵ) = (0.5, 2.936038622251327e-6)
(cfl, ϵ) = (0.25, 2.9360384828672092e-6)
(cfl, ϵ) = (0.125, 2.936038533201151e-6)
(cfl, ϵ) = (0.0625, 2.9360385370935436e-6)
(cfl, ϵ) = (0.03125, 2.9360385373483028e-6)

(sbp_order, characteristic_method, α) = (2, false, 4)
(cfl, ϵ) = (1.0, 3.5359646177984504e-5)
(cfl, ϵ) = (0.5, 2.2889033567791336e-6)
(cfl, ϵ) = (0.25, 2.288920013549968e-6)
(cfl, ϵ) = (0.125, 2.2889211488619868e-6)
(cfl, ϵ) = (0.0625, 2.2889212191687787e-6)
(cfl, ϵ) = (0.03125, 2.288921223439515e-6)

(sbp_order, characteristic_method, α) = (2, false, 16)
(cfl, ϵ) = (1.0, 0.19843061298074866)
(cfl, ϵ) = (0.5, 0.039062894595542186)
(cfl, ϵ) = (0.25, 0.00022329569774850262)
(cfl, ϵ) = (0.125, 1.9124282544631575e-6)
(cfl, ϵ) = (0.0625, 1.912428429285917e-6)
(cfl, ϵ) = (0.03125, 1.9124284400014636e-6)

(sbp_order, characteristic_method, α) = (2, false, 64)
(cfl, ϵ) = (1.0, 0.9828104666805353)
(cfl, ϵ) = (0.5, 0.5573982738555573)
(cfl, ϵ) = (0.25, 0.21389082268571574)
(cfl, ϵ) = (0.125, 0.05682565587708774)
(cfl, ϵ) = (0.0625, 0.0016089595909314375)
(cfl, ϵ) = (0.03125, 1.8348038294331606e-6)

(sbp_order, characteristic_method, α) = (2, false, 128)
(cfl, ϵ) = (1.0, 2.1493536239657813)
(cfl, ϵ) = (0.5, 1.2980391993548146)
(cfl, ϵ) = (0.25, 0.6509830507409068)
(cfl, ϵ) = (0.125, 0.23664514670212294)
(cfl, ϵ) = (0.0625, 0.059821335000585084)
(cfl, ϵ) = (0.03125, 0.0020544816601124347)

(sbp_order, characteristic_method, α) = (4, true, 1)
(cfl, ϵ) = (1.0, 1147.1890380422485)
(cfl, ϵ) = (0.5, 1.859648839096678e-8)
(cfl, ϵ) = (0.25, 1.8596309062729244e-8)
(cfl, ϵ) = (0.125, 1.859630986274855e-8)
(cfl, ϵ) = (0.0625, 1.8596309833301265e-8)
(cfl, ϵ) = (0.03125, 1.859630982760768e-8)

(sbp_order, characteristic_method, α) = (4, true, 4)
(cfl, ϵ) = (1.0, 1147.1890380422485)
(cfl, ϵ) = (0.5, 1.8403986248867653e-8)
(cfl, ϵ) = (0.25, 1.8403850859068904e-8)
(cfl, ϵ) = (0.125, 1.8403854619165514e-8)
(cfl, ϵ) = (0.0625, 1.840385476674244e-8)
(cfl, ϵ) = (0.03125, 1.8403854770144968e-8)

(sbp_order, characteristic_method, α) = (4, true, 16)
(cfl, ϵ) = (1.0, 1147.1890380422485)
(cfl, ϵ) = (0.5, 1.834087949893363e-8)
(cfl, ϵ) = (0.25, 1.834075574636966e-8)
(cfl, ϵ) = (0.125, 1.8340760482943986e-8)
(cfl, ϵ) = (0.0625, 1.8340760695226096e-8)
(cfl, ϵ) = (0.03125, 1.834076070249499e-8)

(sbp_order, characteristic_method, α) = (4, true, 64)
(cfl, ϵ) = (1.0, 1147.1890380422485)
(cfl, ϵ) = (0.5, 1.8355518083075626e-8)
(cfl, ϵ) = (0.25, 1.835539743771899e-8)
(cfl, ϵ) = (0.125, 1.835540240355266e-8)
(cfl, ϵ) = (0.0625, 1.8355402631014913e-8)
(cfl, ϵ) = (0.03125, 1.835540264023294e-8)

(sbp_order, characteristic_method, α) = (4, true, 128)
(cfl, ϵ) = (1.0, 1147.1890380422485)
(cfl, ϵ) = (0.5, 1.8362003124285452e-8)
(cfl, ϵ) = (0.25, 1.836188302335497e-8)
(cfl, ϵ) = (0.125, 1.8361888022460227e-8)
(cfl, ϵ) = (0.0625, 1.8361888250632162e-8)
(cfl, ϵ) = (0.03125, 1.8361888261330205e-8)

(sbp_order, characteristic_method, α) = (4, false, 1)
(cfl, ϵ) = (1.0, 1147.1890380429813)
(cfl, ϵ) = (0.5, 1.6326524718635466e-8)
(cfl, ϵ) = (0.25, 1.6326387484963957e-8)
(cfl, ϵ) = (0.125, 1.6326395292925848e-8)
(cfl, ϵ) = (0.0625, 1.6326395707381474e-8)
(cfl, ϵ) = (0.03125, 1.6326395730584254e-8)

(sbp_order, characteristic_method, α) = (4, false, 4)
(cfl, ϵ) = (1.0, 1147.1890380596817)
(cfl, ϵ) = (0.5, 1.597987697748259e-8)
(cfl, ϵ) = (0.25, 1.597911133204161e-8)
(cfl, ϵ) = (0.125, 1.5979075536811208e-8)
(cfl, ϵ) = (0.0625, 1.5979073337651497e-8)
(cfl, ϵ) = (0.03125, 1.5979073210847793e-8)

(sbp_order, characteristic_method, α) = (4, false, 16)
(cfl, ϵ) = (1.0, 1147.1891063438043)
(cfl, ϵ) = (0.5, 0.09260615010481775)
(cfl, ϵ) = (0.25, 0.01203321607267447)
(cfl, ϵ) = (0.125, 1.649477740925439e-8)
(cfl, ϵ) = (0.0625, 1.6494758919799128e-8)
(cfl, ϵ) = (0.03125, 1.6494757831229812e-8)

(sbp_order, characteristic_method, α) = (4, false, 64)
(cfl, ϵ) = (1.0, 1147.189568450151)
(cfl, ϵ) = (0.5, 0.7459295833088709)
(cfl, ϵ) = (0.25, 0.40162358552416155)
(cfl, ϵ) = (0.125, 0.1240988784532748)
(cfl, ϵ) = (0.0625, 0.016363417728071383)
(cfl, ϵ) = (0.03125, 1.7709412988120286e-8)

(sbp_order, characteristic_method, α) = (4, false, 128)
(cfl, ϵ) = (1.0, 1147.1900180423775)
(cfl, ϵ) = (0.5, 1.4356321850702936)
(cfl, ϵ) = (0.25, 0.8074760349977591)
(cfl, ϵ) = (0.125, 0.38861230868871405)
(cfl, ϵ) = (0.0625, 0.1293648962505013)
(cfl, ϵ) = (0.03125, 0.017363825392863862)

(sbp_order, characteristic_method, α) = (6, true, 1)
(cfl, ϵ) = (1.0, 1.6372160477702888e10)
(cfl, ϵ) = (0.5, 1.3932094993896921e-9)
(cfl, ϵ) = (0.25, 1.3899293912141814e-9)
(cfl, ϵ) = (0.125, 1.3899163756934009e-9)
(cfl, ϵ) = (0.0625, 1.389916753965074e-9)
(cfl, ϵ) = (0.03125, 1.3899167806034415e-9)

(sbp_order, characteristic_method, α) = (6, true, 4)
(cfl, ϵ) = (1.0, 1.6372160477702888e10)
(cfl, ϵ) = (0.5, 1.3883082787068281e-9)
(cfl, ϵ) = (0.25, 1.3850370357002292e-9)
(cfl, ϵ) = (0.125, 1.3850252144997977e-9)
(cfl, ϵ) = (0.0625, 1.3850256656281028e-9)
(cfl, ϵ) = (0.03125, 1.3850256978062517e-9)

(sbp_order, characteristic_method, α) = (6, true, 16)
(cfl, ϵ) = (1.0, 1.6372160477702888e10)
(cfl, ϵ) = (0.5, 1.3870582193742948e-9)
(cfl, ϵ) = (0.25, 1.3837874589707366e-9)
(cfl, ϵ) = (0.125, 1.3837756697915893e-9)
(cfl, ϵ) = (0.0625, 1.3837761232646716e-9)
(cfl, ϵ) = (0.03125, 1.3837761556930937e-9)

(sbp_order, characteristic_method, α) = (6, true, 64)
(cfl, ϵ) = (1.0, 1.6372160477702888e10)
(cfl, ϵ) = (0.5, 1.388263468181041e-9)
(cfl, ϵ) = (0.25, 1.3849938999905271e-9)
(cfl, ϵ) = (0.125, 1.3849819288519199e-9)
(cfl, ϵ) = (0.0625, 1.3849823697381162e-9)
(cfl, ϵ) = (0.03125, 1.3849824029290514e-9)

(sbp_order, characteristic_method, α) = (6, true, 128)
(cfl, ϵ) = (1.0, 1.6372160477702888e10)
(cfl, ϵ) = (0.5, 1.3886536855236286e-9)
(cfl, ϵ) = (0.25, 1.385384628953938e-9)
(cfl, ϵ) = (0.125, 1.3853726181042321e-9)
(cfl, ϵ) = (0.0625, 1.385373058017349e-9)
(cfl, ϵ) = (0.03125, 1.3853730881071904e-9)

(sbp_order, characteristic_method, α) = (6, false, 1)
(cfl, ϵ) = (1.0, 1.6372160477702888e10)
(cfl, ϵ) = (0.5, 1.232508736634718e-9)
(cfl, ϵ) = (0.25, 1.2286143322431383e-9)
(cfl, ϵ) = (0.125, 1.2285916366322264e-9)
(cfl, ϵ) = (0.0625, 1.2285916207982218e-9)
(cfl, ϵ) = (0.03125, 1.2285916254387528e-9)

(sbp_order, characteristic_method, α) = (6, false, 4)
(cfl, ϵ) = (1.0, 1.6372160477702888e10)
(cfl, ϵ) = (0.5, 1.242230995069987e-9)
(cfl, ϵ) = (0.25, 1.2376306742450383e-9)
(cfl, ϵ) = (0.125, 1.2376010189687073e-9)
(cfl, ϵ) = (0.0625, 1.2376007465963757e-9)
(cfl, ϵ) = (0.03125, 1.2376007387462673e-9)

(sbp_order, characteristic_method, α) = (6, false, 16)
(cfl, ϵ) = (1.0, 1.6372160477702888e10)
(cfl, ϵ) = (0.5, 0.11809608579982117)
(cfl, ϵ) = (0.25, 0.019012182973780944)
(cfl, ϵ) = (0.125, 1.281850798312621e-9)
(cfl, ϵ) = (0.0625, 1.2818488664452966e-9)
(cfl, ϵ) = (0.03125, 1.2818487191993096e-9)

(sbp_order, characteristic_method, α) = (6, false, 64)
(cfl, ϵ) = (1.0, 1.6372160477702888e10)
(cfl, ϵ) = (0.5, 0.8863637852602865)
(cfl, ϵ) = (0.25, 0.44346064436515253)
(cfl, ϵ) = (0.125, 0.1541268284586495)
(cfl, ϵ) = (0.0625, 0.0251328686829043)
(cfl, ϵ) = (0.03125, 1.339934930623836e-9)

(sbp_order, characteristic_method, α) = (6, false, 128)
(cfl, ϵ) = (1.0, 1.6372160477702888e10)
(cfl, ϵ) = (0.5, 1.504716864520571)
(cfl, ϵ) = (0.25, 0.9051271447926013)
(cfl, ϵ) = (0.125, 0.45796050028095353)
(cfl, ϵ) = (0.0625, 0.16059464511759314)
(cfl, ϵ) = (0.03125, 0.02621685979253801)

