sbp_order = 2
bc_map = [1, 1, 2, 2, 7]
[BC_DIRICHLET, BC_NEUMANN, BC_JUMP_INTERFACE] = [1, 2, 7]
(nelems, nfaces) = (56, 128)
                                            mesh
      ┌────────────────────────────────────────────────────────────────────────────────┐ 
    2 │⡏⠉⠉⠉⠉⠉⠉⠉⠉⠉⡏⠉⠉⠉⠉⠉⠉⠉⠉⠉⡏⠉⠉⠉⠉⠉⠉⠉⠉⠉⡏⠉⠉⠉⠉⠉⠉⠉⠉⢹⠉⠉⠉⠉⠉⠉⠉⠉⠉⢹⠉⠉⠉⠉⠉⠉⠉⠉⠉⢹⠉⠉⠉⠉⠉⠉⠉⠉⠉⢹⠉⠉⠉⠉⠉⠉⠉⠉⠉⢹│ 
      │⡇⠀⠀⠀⠀⠀⠀⠀⠀⠀⡇⠀⠀⠀⠀⠀⠀⠀⠀⠀⢣⠀⠀⠀⠀⠀⠀⠀⠀⠀⠸⡀⠀⠀⠀⠀⠀⠀⠀⢸⠀⠀⠀⠀⠀⠀⠀⠀⢀⠇⠀⠀⠀⠀⠀⠀⠀⠀⠀⡜⠀⠀⠀⠀⠀⠀⠀⠀⠀⢸⠀⠀⠀⠀⠀⠀⠀⠀⠀⢸│ 
      │⡇⠀⠀⠀⠀⠀⠀⠀⠀⠀⡇⠀⠀⠀⠀⠀⠀⠀⠀⠀⠸⡀⠀⠀⠀⠀⠀⠀⠀⠀⠀⢇⠀⠀⠀⠀⠀⠀⠀⢸⠀⠀⠀⠀⠀⠀⠀⠀⡸⠀⠀⠀⠀⠀⠀⠀⠀⠀⢀⠇⠀⠀⠀⠀⠀⠀⠀⠀⠀⢸⠀⠀⠀⠀⠀⠀⠀⠀⠀⢸│ 
      │⡇⠀⠀⠀⠀⠀⠀⠀⠀⠀⢱⠀⠀⠀⠀⠀⠀⠀⠀⠀⠀⡇⠀⠀⠀⠀⠀⠀⠀⠀⠀⠸⡀⠀⠀⠀⢀⣀⠤⠚⠒⠤⣀⠀⠀⠀⠀⢠⠃⠀⠀⠀⠀⠀⠀⠀⠀⠀⢸⠀⠀⠀⠀⠀⠀⠀⠀⠀⠀⡎⠀⠀⠀⠀⠀⠀⠀⠀⠀⢸│ 
      │⡇⠀⠀⠀⠀⠀⠀⠀⠀⠀⢸⠀⠀⠀⠀⠀⠀⠀⠀⠀⠀⢱⠀⠀⠀⠀⠀⠀⠀⠀⠀⣀⣇⡤⠔⠊⠁⠀⠀⠀⠀⠀⠀⠉⠑⠢⢄⣼⡀⠀⠀⠀⠀⠀⠀⠀⠀⠀⡎⠀⠀⠀⠀⠀⠀⠀⠀⠀⠀⡇⠀⠀⠀⠀⠀⠀⠀⠀⠀⢸│ 
      │⡏⠉⠉⠉⠉⠉⠙⠒⠒⠒⢺⠒⠒⠒⠢⠤⠤⠤⠤⠤⠤⠼⡤⠤⠤⠒⠒⠒⠉⠉⠉⠀⠈⢣⠀⠀⠀⠀⠀⠀⠀⠀⠀⠀⠀⢀⡜⠀⠈⠉⠉⠉⠒⠒⠒⠤⠤⢤⠧⠤⠤⠤⠤⠤⠤⠔⠒⠒⠒⡗⠒⠒⠒⠊⠉⠉⠉⠉⠉⢹│ 
      │⡇⠀⠀⠀⠀⠀⠀⠀⠀⠀⢸⠀⠀⠀⠀⠀⠀⠀⠀⠀⠀⠀⢣⠀⠀⠀⠀⠀⠀⠀⠀⠀⠀⠀⠑⢄⠀⠀⠀⠀⠀⠀⠀⠀⢠⠊⠀⠀⠀⠀⠀⠀⠀⠀⠀⠀⠀⡼⠀⠀⠀⠀⠀⠀⠀⠀⠀⠀⠀⡇⠀⠀⠀⠀⠀⠀⠀⠀⠀⢸│ 
      │⡇⠀⠀⠀⠀⠀⠀⠀⠀⠀⠈⡆⠀⠀⠀⠀⠀⠀⠀⠀⠀⠀⠘⡄⠀⠀⠀⠀⠀⠀⠀⠀⠀⠀⠀⠈⢧⡀⠀⠀⠀⠀⢀⡔⠁⠀⠀⠀⠀⠀⠀⠀⠀⠀⠀⠀⢠⠃⠀⠀⠀⠀⠀⠀⠀⠀⠀⠀⢸⠀⠀⠀⠀⠀⠀⠀⠀⠀⠀⢸│ 
      │⡇⠀⠀⠀⠀⠀⠀⠀⠀⠀⠀⡇⠀⠀⠀⠀⠀⠀⠀⠀⠀⠀⠀⢳⠀⠀⠀⠀⠀⠀⠀⠀⠀⠀⠀⠀⠀⠱⡄⠀⠀⢀⠜⠀⠀⠀⠀⠀⠀⠀⠀⠀⠀⠀⠀⠀⡜⠀⠀⠀⠀⠀⠀⠀⠀⠀⠀⠀⢸⠀⠀⠀⠀⠀⠀⠀⠀⠀⠀⢸│ 
      │⡇⠀⠀⠀⠀⠀⠀⠀⠀⠀⠀⡇⠀⠀⠀⠀⠀⠀⠀⠀⠀⠀⠀⠘⡄⠀⠀⠀⠀⠀⠀⠀⠀⠀⠀⠀⠀⠀⠈⢦⡔⠁⠀⠀⠀⠀⠀⠀⠀⠀⠀⠀⠀⠀⠀⢠⠃⠀⠀⠀⠀⠀⠀⠀⠀⠀⠀⠀⢸⠀⠀⠀⠀⠀⠀⠀⠀⠀⠀⢸│ 
      │⡏⠉⠉⠒⠒⠢⠤⠤⢄⣀⣀⡇⠀⠀⠀⠀⠀⠀⠀⠀⠀⠀⠀⠀⢱⠀⠀⠀⠀⠀⠀⣀⡤⠤⠒⠊⠉⠉⠉⠉⡏⠉⠉⠉⠑⠒⠤⢤⣀⠀⠀⠀⠀⠀⠀⡎⠀⠀⠀⠀⠀⠀⠀⠀⠀⠀⠀⠀⢸⣀⣀⡠⠤⠤⠔⠒⠒⠉⠉⢹│ 
      │⡇⠀⠀⠀⠀⠀⠀⠀⠀⠀⠀⡏⠉⠓⠒⠤⠤⣀⣀⠀⠀⠀⠀⠀⠈⡆⠀⠀⣠⠖⠊⠁⠀⠀⠀⠀⠀⠀⠀⠀⡇⠀⠀⠀⠀⠀⠀⠀⠈⠑⠲⣄⠀⠀⢰⠁⠀⠀⠀⠀⠀⣀⣀⡤⠤⠒⠒⠉⢹⠀⠀⠀⠀⠀⠀⠀⠀⠀⠀⢸│ 
      │⡇⠀⠀⠀⠀⠀⠀⠀⠀⠀⢠⠃⠀⠀⠀⠀⠀⠀⠀⠉⠑⠒⠢⠤⢤⣱⡤⠋⠀⠀⠀⠀⠀⠀⠀⠀⠀⠀⠀⠀⡇⠀⠀⠀⠀⠀⠀⠀⠀⠀⠀⠀⠙⢤⣎⡠⠤⠔⠒⠊⠉⠀⠀⠀⠀⠀⠀⠀⠘⡄⠀⠀⠀⠀⠀⠀⠀⠀⠀⢸│ 
      │⡇⠀⠀⠀⠀⠀⠀⠀⠀⠀⢸⠀⠀⠀⠀⠀⠀⠀⠀⠀⠀⠀⠀⠀⡤⠋⠑⢄⠀⠀⠀⠀⠀⠀⠀⠀⠀⠀⠀⠀⡇⠀⠀⠀⠀⠀⠀⠀⠀⠀⠀⠀⡠⠊⠙⢤⠀⠀⠀⠀⠀⠀⠀⠀⠀⠀⠀⠀⠀⡇⠀⠀⠀⠀⠀⠀⠀⠀⠀⢸│ 
      │⡇⠀⠀⠀⠀⠀⠀⠀⠀⠀⡇⠀⠀⠀⠀⠀⠀⠀⠀⠀⠀⠀⢠⠞⠀⠀⠀⠀⠑⢄⠀⠀⠀⠀⠀⠀⠀⠀⠀⣀⣇⠀⠀⠀⠀⠀⠀⠀⠀⠀⡠⠊⠀⠀⠀⠀⠳⡄⠀⠀⠀⠀⠀⠀⠀⠀⠀⠀⠀⢹⠀⠀⠀⠀⠀⠀⠀⠀⠀⢸│ 
      │⡏⠉⠒⠢⠤⢄⣀⠀⠀⢀⠇⠀⠀⠀⠀⠀⠀⠀⠀⠀⠀⢠⠎⠀⠀⠀⠀⠀⠀⠀⠑⢄⡀⠀⠀⠀⣀⠴⠊⠀⠀⠑⠢⡀⠀⠀⠀⠀⡠⠊⠀⠀⠀⠀⠀⠀⠀⠱⡄⠀⠀⠀⠀⠀⠀⠀⠀⠀⠀⠸⡄⠀⢀⣀⡠⠤⠔⠒⠉⢹│ 
      │⡇⠀⠀⠀⠀⠀⠀⠉⠉⡹⠤⣀⠀⠀⠀⠀⠀⠀⠀⠀⠀⡏⠀⠀⠀⠀⠀⠀⠀⠀⠀⠀⠈⢢⡠⠖⠁⠀⠀⠀⠀⠀⠀⠈⠲⢄⣠⠊⠀⠀⠀⠀⠀⠀⠀⠀⠀⠀⢹⠀⠀⠀⠀⠀⠀⠀⠀⠀⣀⠴⢯⠉⠁⠀⠀⠀⠀⠀⠀⢸│ 
      │⡇⠀⠀⠀⠀⠀⠀⠀⡰⠁⠀⠈⠑⠤⡀⠀⠀⠀⠀⠀⡸⠀⠀⠀⠀⠀⠀⠀⠀⠀⠀⠀⢠⠊⠑⢆⠀⠀⠀⠀⠀⠀⠀⠀⡠⠊⠱⡄⠀⠀⠀⠀⠀⠀⠀⠀⠀⠀⠀⢇⠀⠀⠀⠀⠀⢀⡠⠊⠀⠀⠈⢆⠀⠀⠀⠀⠀⠀⠀⢸│ 
      │⡇⠀⠀⠀⠀⠀⠀⢠⠃⠀⠀⠀⠀⠀⠈⠲⠤⡀⠀⠀⡇⠀⠀⠀⠀⠀⠀⠀⠀⠀⢀⠔⠁⠀⠀⠀⠑⢤⠀⠀⠀⠀⣠⠊⠀⠀⠀⠈⢢⡀⠀⠀⠀⠀⠀⠀⠀⠀⠀⢸⠀⠀⢀⡠⠞⠉⠀⠀⠀⠀⠀⠈⡆⠀⠀⠀⠀⠀⠀⢸│ 
      │⡇⠀⠀⠀⠀⠀⢠⠃⠀⠀⠀⠀⠀⠀⠀⠀⠀⠈⠢⣀⡇⠀⠀⠀⠀⠀⠀⠀⠀⢠⠊⠀⠀⠀⠀⠀⠀⠀⠑⢆⡠⠊⠀⠀⠀⠀⠀⠀⠀⠑⣄⣀⣀⣀⣀⣀⣀⣀⣀⣸⣠⠔⠉⠀⠀⠀⠀⠀⠀⠀⠀⠀⠘⣄⣀⣀⣀⣀⣀⣸│ 
      │⡏⠉⠉⠉⠉⠉⠙⡄⠀⠀⠀⠀⠀⠀⠀⠀⠀⣀⠔⠋⡏⠉⠉⠉⠉⠉⠉⠉⠉⠙⢄⠀⠀⠀⠀⠀⠀⠀⡠⠎⠑⢄⠀⠀⠀⠀⠀⠀⠀⡠⠃⠀⠀⠀⠀⠀⠀⠀⠀⢸⠉⠢⡀⠀⠀⠀⠀⠀⠀⠀⠀⠀⢠⠃⠀⠀⠀⠀⠀⢸│ 
      │⡇⠀⠀⠀⠀⠀⠀⠸⡀⠀⠀⠀⠀⠀⣀⡴⠊⠁⠀⠀⡇⠀⠀⠀⠀⠀⠀⠀⠀⠀⠈⠲⡀⠀⠀⠀⣠⠊⠀⠀⠀⠀⠙⢄⠀⠀⠀⢀⠜⠁⠀⠀⠀⠀⠀⠀⠀⠀⠀⢸⠀⠀⠈⠒⠦⡀⠀⠀⠀⠀⠀⢠⠃⠀⠀⠀⠀⠀⠀⢸│ 
      │⡇⠀⠀⠀⠀⠀⠀⠀⠱⡀⠀⠀⡠⠊⠁⠀⠀⠀⠀⠀⢱⠀⠀⠀⠀⠀⠀⠀⠀⠀⠀⠀⠘⢤⡠⠊⠀⠀⠀⠀⠀⠀⠀⠀⠑⢄⡰⠃⠀⠀⠀⠀⠀⠀⠀⠀⠀⠀⠀⡎⠀⠀⠀⠀⠀⠈⠒⢄⡀⠀⢀⠎⠀⠀⠀⠀⠀⠀⠀⢸│ 
      │⡇⠀⠀⠀⠀⠀⠀⢀⣀⣳⠖⠉⠀⠀⠀⠀⠀⠀⠀⠀⠀⣇⠀⠀⠀⠀⠀⠀⠀⠀⠀⠀⡠⠔⠑⠢⣀⠀⠀⠀⠀⠀⠀⢀⠴⠊⠘⢄⠀⠀⠀⠀⠀⠀⠀⠀⠀⠀⣸⠀⠀⠀⠀⠀⠀⠀⠀⠀⠉⠒⣎⣀⣀⠀⠀⠀⠀⠀⠀⢸│ 
      │⣇⣀⠤⠔⠒⠊⠉⠁⠀⠘⡆⠀⠀⠀⠀⠀⠀⠀⠀⠀⠀⠘⢆⠀⠀⠀⠀⠀⠀⠀⡠⠊⠀⠀⠀⠀⠈⠲⢄⡀⠀⣠⠜⠁⠀⠀⠀⠀⠑⢄⠀⠀⠀⠀⠀⠀⠀⡰⠃⠀⠀⠀⠀⠀⠀⠀⠀⠀⠀⢰⠁⠀⠀⠉⠑⠒⠢⠤⣀⣸│ 
      │⡇⠀⠀⠀⠀⠀⠀⠀⠀⠀⡇⠀⠀⠀⠀⠀⠀⠀⠀⠀⠀⠀⠘⢦⠀⠀⠀⠀⡠⠊⠀⠀⠀⠀⠀⠀⠀⠀⠀⠉⡏⠀⠀⠀⠀⠀⠀⠀⠀⠀⠑⢄⠀⠀⠀⠀⡴⠃⠀⠀⠀⠀⠀⠀⠀⠀⠀⠀⠀⢸⠀⠀⠀⠀⠀⠀⠀⠀⠀⢸│ 
      │⡇⠀⠀⠀⠀⠀⠀⠀⠀⠀⢸⠀⠀⠀⠀⠀⠀⠀⠀⠀⠀⠀⠀⠀⠓⣄⡠⠊⠀⠀⠀⠀⠀⠀⠀⠀⠀⠀⠀⠀⡇⠀⠀⠀⠀⠀⠀⠀⠀⠀⠀⠀⠑⢄⣠⠚⠀⠀⠀⠀⠀⠀⠀⠀⠀⠀⠀⠀⠀⡇⠀⠀⠀⠀⠀⠀⠀⠀⠀⢸│ 
      │⡇⠀⠀⠀⠀⠀⠀⠀⠀⠀⠘⡄⠀⠀⠀⠀⠀⠀⠀⣀⡠⠤⠔⠒⠊⡽⠓⣄⠀⠀⠀⠀⠀⠀⠀⠀⠀⠀⠀⠀⡇⠀⠀⠀⠀⠀⠀⠀⠀⠀⠀⠀⣠⠊⢏⠓⠒⠢⠤⢄⣀⠀⠀⠀⠀⠀⠀⠀⢠⠃⠀⠀⠀⠀⠀⠀⠀⠀⠀⢸│ 
      │⡇⠀⠀⠀⠀⠀⠀⠀⠀⠀⠀⣇⣀⠤⠤⠒⠚⠉⠉⠀⠀⠀⠀⠀⢀⠇⠀⠀⠙⠦⢄⡀⠀⠀⠀⠀⠀⠀⠀⠀⡇⠀⠀⠀⠀⠀⠀⠀⢀⡠⠤⠋⠀⠀⠸⡀⠀⠀⠀⠀⠀⠉⠉⠒⠒⠤⢤⣀⣸⠀⠀⠀⠀⠀⠀⠀⠀⠀⠀⢸│ 
      │⣇⣀⣀⠤⠤⠔⠒⠒⠊⠉⠉⡇⠀⠀⠀⠀⠀⠀⠀⠀⠀⠀⠀⠀⡸⠀⠀⠀⠀⠀⠀⠉⠓⠒⠤⢄⣀⣀⣀⣀⣇⣀⣀⣀⡠⠤⠒⠊⠉⠀⠀⠀⠀⠀⠀⢇⠀⠀⠀⠀⠀⠀⠀⠀⠀⠀⠀⠀⢸⠉⠉⠑⠒⠒⠢⠤⠤⣀⣀⣸│ 
      │⡇⠀⠀⠀⠀⠀⠀⠀⠀⠀⠀⡇⠀⠀⠀⠀⠀⠀⠀⠀⠀⠀⠀⢠⠃⠀⠀⠀⠀⠀⠀⠀⠀⠀⠀⠀⠀⠀⢀⠜⠳⡀⠀⠀⠀⠀⠀⠀⠀⠀⠀⠀⠀⠀⠀⠘⡄⠀⠀⠀⠀⠀⠀⠀⠀⠀⠀⠀⢸⠀⠀⠀⠀⠀⠀⠀⠀⠀⠀⢸│ 
      │⡇⠀⠀⠀⠀⠀⠀⠀⠀⠀⠀⡇⠀⠀⠀⠀⠀⠀⠀⠀⠀⠀⠀⡜⠀⠀⠀⠀⠀⠀⠀⠀⠀⠀⠀⠀⠀⡔⠁⠀⠀⠈⢦⠀⠀⠀⠀⠀⠀⠀⠀⠀⠀⠀⠀⠀⢧⠀⠀⠀⠀⠀⠀⠀⠀⠀⠀⠀⢸⠀⠀⠀⠀⠀⠀⠀⠀⠀⠀⢸│ 
      │⡇⠀⠀⠀⠀⠀⠀⠀⠀⠀⢀⠇⠀⠀⠀⠀⠀⠀⠀⠀⠀⠀⢠⠃⠀⠀⠀⠀⠀⠀⠀⠀⠀⠀⠀⢀⠜⠁⠀⠀⠀⠀⠈⠳⡀⠀⠀⠀⠀⠀⠀⠀⠀⠀⠀⠀⠘⡄⠀⠀⠀⠀⠀⠀⠀⠀⠀⠀⠸⡀⠀⠀⠀⠀⠀⠀⠀⠀⠀⢸│ 
      │⡇⠀⠀⠀⠀⠀⠀⠀⠀⠀⢸⠀⠀⠀⠀⠀⠀⠀⠀⠀⠀⠀⡞⠀⠀⠀⠀⠀⠀⠀⠀⠀⠀⠀⡠⠃⠀⠀⠀⠀⠀⠀⠀⠀⠙⢄⠀⠀⠀⠀⠀⠀⠀⠀⠀⠀⠀⢣⠀⠀⠀⠀⠀⠀⠀⠀⠀⠀⠀⡇⠀⠀⠀⠀⠀⠀⠀⠀⠀⢸│ 
      │⣇⣀⣀⣀⣀⣀⡠⠤⠤⠤⢼⠤⠤⠤⠖⠒⠒⠒⠒⠒⠒⢲⠓⠒⠒⠤⠤⠤⣄⣀⣀⣀⠀⡜⠁⠀⠀⠀⠀⠀⠀⠀⠀⠀⠀⠈⢣⠀⠀⣀⣀⣀⠤⠤⠤⠒⠒⠚⡖⠒⠒⠒⠒⠒⠒⠢⠤⠤⠤⡧⠤⠤⠤⢄⣀⣀⣀⣀⣀⣸│ 
      │⡇⠀⠀⠀⠀⠀⠀⠀⠀⠀⢸⠀⠀⠀⠀⠀⠀⠀⠀⠀⠀⡸⠀⠀⠀⠀⠀⠀⠀⠀⠀⠈⡏⠑⠢⠤⣀⠀⠀⠀⠀⠀⠀⣀⡠⠔⠊⢹⠉⠀⠀⠀⠀⠀⠀⠀⠀⠀⢇⠀⠀⠀⠀⠀⠀⠀⠀⠀⠀⡇⠀⠀⠀⠀⠀⠀⠀⠀⠀⢸│ 
      │⡇⠀⠀⠀⠀⠀⠀⠀⠀⠀⡸⠀⠀⠀⠀⠀⠀⠀⠀⠀⠀⡇⠀⠀⠀⠀⠀⠀⠀⠀⠀⢰⠁⠀⠀⠀⠈⠉⠒⠤⡤⠒⠉⠁⠀⠀⠀⠈⡆⠀⠀⠀⠀⠀⠀⠀⠀⠀⢸⠀⠀⠀⠀⠀⠀⠀⠀⠀⠀⢇⠀⠀⠀⠀⠀⠀⠀⠀⠀⢸│ 
      │⡇⠀⠀⠀⠀⠀⠀⠀⠀⠀⡇⠀⠀⠀⠀⠀⠀⠀⠀⠀⢰⠁⠀⠀⠀⠀⠀⠀⠀⠀⠀⡎⠀⠀⠀⠀⠀⠀⠀⠀⡇⠀⠀⠀⠀⠀⠀⠀⢱⠀⠀⠀⠀⠀⠀⠀⠀⠀⠈⡆⠀⠀⠀⠀⠀⠀⠀⠀⠀⢸⠀⠀⠀⠀⠀⠀⠀⠀⠀⢸│ 
      │⡇⠀⠀⠀⠀⠀⠀⠀⠀⠀⡇⠀⠀⠀⠀⠀⠀⠀⠀⠀⡜⠀⠀⠀⠀⠀⠀⠀⠀⠀⢰⠁⠀⠀⠀⠀⠀⠀⠀⠀⡇⠀⠀⠀⠀⠀⠀⠀⠈⡆⠀⠀⠀⠀⠀⠀⠀⠀⠀⢣⠀⠀⠀⠀⠀⠀⠀⠀⠀⢸⠀⠀⠀⠀⠀⠀⠀⠀⠀⢸│ 
   -2 │⣇⣀⣀⣀⣀⣀⣀⣀⣀⣀⣇⣀⣀⣀⣀⣀⣀⣀⣀⣀⣇⣀⣀⣀⣀⣀⣀⣀⣀⣀⣇⣀⣀⣀⣀⣀⣀⣀⣀⣀⣇⣀⣀⣀⣀⣀⣀⣀⣀⣸⣀⣀⣀⣀⣀⣀⣀⣀⣀⣸⣀⣀⣀⣀⣀⣀⣀⣀⣀⣸⣀⣀⣀⣀⣀⣀⣀⣀⣀⣸│ 
      └────────────────────────────────────────────────────────────────────────────────┘ 
      -2                                                                               2dt = 0.00965671344096179
(lvl, ϵ[lvl]) = (1, 0.0013636640526359927)

dt = 0.004828356720480895
(lvl, ϵ[lvl]) = (2, 0.00033890400487821703)
rate = 2.0085396804072584

dt = 0.0024141783602404476
(lvl, ϵ[lvl]) = (3, 8.454569807108786e-5)
rate = 2.0030734323294035

dt = 0.0012070891801202238
(lvl, ϵ[lvl]) = (4, 2.1120460836678772e-5)
rate = 2.0010900341778566

sbp_order = 4
bc_map = [1, 1, 2, 2, 7]
[BC_DIRICHLET, BC_NEUMANN, BC_JUMP_INTERFACE] = [1, 2, 7]
(nelems, nfaces) = (56, 128)
                                            mesh
      ┌────────────────────────────────────────────────────────────────────────────────┐ 
    2 │⡏⠉⠉⠉⠉⠉⠉⠉⠉⠉⡏⠉⠉⠉⠉⠉⠉⠉⠉⠉⡏⠉⠉⠉⠉⠉⠉⠉⠉⠉⡏⠉⠉⠉⠉⠉⠉⠉⠉⢹⠉⠉⠉⠉⠉⠉⠉⠉⠉⢹⠉⠉⠉⠉⠉⠉⠉⠉⠉⢹⠉⠉⠉⠉⠉⠉⠉⠉⠉⢹⠉⠉⠉⠉⠉⠉⠉⠉⠉⢹│ 
      │⡇⠀⠀⠀⠀⠀⠀⠀⠀⠀⡇⠀⠀⠀⠀⠀⠀⠀⠀⠀⢣⠀⠀⠀⠀⠀⠀⠀⠀⠀⠸⡀⠀⠀⠀⠀⠀⠀⠀⢸⠀⠀⠀⠀⠀⠀⠀⠀⢀⠇⠀⠀⠀⠀⠀⠀⠀⠀⠀⡜⠀⠀⠀⠀⠀⠀⠀⠀⠀⢸⠀⠀⠀⠀⠀⠀⠀⠀⠀⢸│ 
      │⡇⠀⠀⠀⠀⠀⠀⠀⠀⠀⡇⠀⠀⠀⠀⠀⠀⠀⠀⠀⠸⡀⠀⠀⠀⠀⠀⠀⠀⠀⠀⢇⠀⠀⠀⠀⠀⠀⠀⢸⠀⠀⠀⠀⠀⠀⠀⠀⡸⠀⠀⠀⠀⠀⠀⠀⠀⠀⢀⠇⠀⠀⠀⠀⠀⠀⠀⠀⠀⢸⠀⠀⠀⠀⠀⠀⠀⠀⠀⢸│ 
      │⡇⠀⠀⠀⠀⠀⠀⠀⠀⠀⢱⠀⠀⠀⠀⠀⠀⠀⠀⠀⠀⡇⠀⠀⠀⠀⠀⠀⠀⠀⠀⠸⡀⠀⠀⠀⢀⣀⠤⠚⠒⠤⣀⠀⠀⠀⠀⢠⠃⠀⠀⠀⠀⠀⠀⠀⠀⠀⢸⠀⠀⠀⠀⠀⠀⠀⠀⠀⠀⡎⠀⠀⠀⠀⠀⠀⠀⠀⠀⢸│ 
      │⡇⠀⠀⠀⠀⠀⠀⠀⠀⠀⢸⠀⠀⠀⠀⠀⠀⠀⠀⠀⠀⢱⠀⠀⠀⠀⠀⠀⠀⠀⠀⣀⣇⡤⠔⠊⠁⠀⠀⠀⠀⠀⠀⠉⠑⠢⢄⣼⡀⠀⠀⠀⠀⠀⠀⠀⠀⠀⡎⠀⠀⠀⠀⠀⠀⠀⠀⠀⠀⡇⠀⠀⠀⠀⠀⠀⠀⠀⠀⢸│ 
      │⡏⠉⠉⠉⠉⠉⠙⠒⠒⠒⢺⠒⠒⠒⠢⠤⠤⠤⠤⠤⠤⠼⡤⠤⠤⠒⠒⠒⠉⠉⠉⠀⠈⢣⠀⠀⠀⠀⠀⠀⠀⠀⠀⠀⠀⢀⡜⠀⠈⠉⠉⠉⠒⠒⠒⠤⠤⢤⠧⠤⠤⠤⠤⠤⠤⠔⠒⠒⠒⡗⠒⠒⠒⠊⠉⠉⠉⠉⠉⢹│ 
      │⡇⠀⠀⠀⠀⠀⠀⠀⠀⠀⢸⠀⠀⠀⠀⠀⠀⠀⠀⠀⠀⠀⢣⠀⠀⠀⠀⠀⠀⠀⠀⠀⠀⠀⠑⢄⠀⠀⠀⠀⠀⠀⠀⠀⢠⠊⠀⠀⠀⠀⠀⠀⠀⠀⠀⠀⠀⡼⠀⠀⠀⠀⠀⠀⠀⠀⠀⠀⠀⡇⠀⠀⠀⠀⠀⠀⠀⠀⠀⢸│ 
      │⡇⠀⠀⠀⠀⠀⠀⠀⠀⠀⠈⡆⠀⠀⠀⠀⠀⠀⠀⠀⠀⠀⠘⡄⠀⠀⠀⠀⠀⠀⠀⠀⠀⠀⠀⠈⢧⡀⠀⠀⠀⠀⢀⡔⠁⠀⠀⠀⠀⠀⠀⠀⠀⠀⠀⠀⢠⠃⠀⠀⠀⠀⠀⠀⠀⠀⠀⠀⢸⠀⠀⠀⠀⠀⠀⠀⠀⠀⠀⢸│ 
      │⡇⠀⠀⠀⠀⠀⠀⠀⠀⠀⠀⡇⠀⠀⠀⠀⠀⠀⠀⠀⠀⠀⠀⢳⠀⠀⠀⠀⠀⠀⠀⠀⠀⠀⠀⠀⠀⠱⡄⠀⠀⢀⠜⠀⠀⠀⠀⠀⠀⠀⠀⠀⠀⠀⠀⠀⡜⠀⠀⠀⠀⠀⠀⠀⠀⠀⠀⠀⢸⠀⠀⠀⠀⠀⠀⠀⠀⠀⠀⢸│ 
      │⡇⠀⠀⠀⠀⠀⠀⠀⠀⠀⠀⡇⠀⠀⠀⠀⠀⠀⠀⠀⠀⠀⠀⠘⡄⠀⠀⠀⠀⠀⠀⠀⠀⠀⠀⠀⠀⠀⠈⢦⡔⠁⠀⠀⠀⠀⠀⠀⠀⠀⠀⠀⠀⠀⠀⢠⠃⠀⠀⠀⠀⠀⠀⠀⠀⠀⠀⠀⢸⠀⠀⠀⠀⠀⠀⠀⠀⠀⠀⢸│ 
      │⡏⠉⠉⠒⠒⠢⠤⠤⢄⣀⣀⡇⠀⠀⠀⠀⠀⠀⠀⠀⠀⠀⠀⠀⢱⠀⠀⠀⠀⠀⠀⣀⡤⠤⠒⠊⠉⠉⠉⠉⡏⠉⠉⠉⠑⠒⠤⢤⣀⠀⠀⠀⠀⠀⠀⡎⠀⠀⠀⠀⠀⠀⠀⠀⠀⠀⠀⠀⢸⣀⣀⡠⠤⠤⠔⠒⠒⠉⠉⢹│ 
      │⡇⠀⠀⠀⠀⠀⠀⠀⠀⠀⠀⡏⠉⠓⠒⠤⠤⣀⣀⠀⠀⠀⠀⠀⠈⡆⠀⠀⣠⠖⠊⠁⠀⠀⠀⠀⠀⠀⠀⠀⡇⠀⠀⠀⠀⠀⠀⠀⠈⠑⠲⣄⠀⠀⢰⠁⠀⠀⠀⠀⠀⣀⣀⡤⠤⠒⠒⠉⢹⠀⠀⠀⠀⠀⠀⠀⠀⠀⠀⢸│ 
      │⡇⠀⠀⠀⠀⠀⠀⠀⠀⠀⢠⠃⠀⠀⠀⠀⠀⠀⠀⠉⠑⠒⠢⠤⢤⣱⡤⠋⠀⠀⠀⠀⠀⠀⠀⠀⠀⠀⠀⠀⡇⠀⠀⠀⠀⠀⠀⠀⠀⠀⠀⠀⠙⢤⣎⡠⠤⠔⠒⠊⠉⠀⠀⠀⠀⠀⠀⠀⠘⡄⠀⠀⠀⠀⠀⠀⠀⠀⠀⢸│ 
      │⡇⠀⠀⠀⠀⠀⠀⠀⠀⠀⢸⠀⠀⠀⠀⠀⠀⠀⠀⠀⠀⠀⠀⠀⡤⠋⠑⢄⠀⠀⠀⠀⠀⠀⠀⠀⠀⠀⠀⠀⡇⠀⠀⠀⠀⠀⠀⠀⠀⠀⠀⠀⡠⠊⠙⢤⠀⠀⠀⠀⠀⠀⠀⠀⠀⠀⠀⠀⠀⡇⠀⠀⠀⠀⠀⠀⠀⠀⠀⢸│ 
      │⡇⠀⠀⠀⠀⠀⠀⠀⠀⠀⡇⠀⠀⠀⠀⠀⠀⠀⠀⠀⠀⠀⢠⠞⠀⠀⠀⠀⠑⢄⠀⠀⠀⠀⠀⠀⠀⠀⠀⣀⣇⠀⠀⠀⠀⠀⠀⠀⠀⠀⡠⠊⠀⠀⠀⠀⠳⡄⠀⠀⠀⠀⠀⠀⠀⠀⠀⠀⠀⢹⠀⠀⠀⠀⠀⠀⠀⠀⠀⢸│ 
      │⡏⠉⠒⠢⠤⢄⣀⠀⠀⢀⠇⠀⠀⠀⠀⠀⠀⠀⠀⠀⠀⢠⠎⠀⠀⠀⠀⠀⠀⠀⠑⢄⡀⠀⠀⠀⣀⠴⠊⠀⠀⠑⠢⡀⠀⠀⠀⠀⡠⠊⠀⠀⠀⠀⠀⠀⠀⠱⡄⠀⠀⠀⠀⠀⠀⠀⠀⠀⠀⠸⡄⠀⢀⣀⡠⠤⠔⠒⠉⢹│ 
      │⡇⠀⠀⠀⠀⠀⠀⠉⠉⡹⠤⣀⠀⠀⠀⠀⠀⠀⠀⠀⠀⡏⠀⠀⠀⠀⠀⠀⠀⠀⠀⠀⠈⢢⡠⠖⠁⠀⠀⠀⠀⠀⠀⠈⠲⢄⣠⠊⠀⠀⠀⠀⠀⠀⠀⠀⠀⠀⢹⠀⠀⠀⠀⠀⠀⠀⠀⠀⣀⠴⢯⠉⠁⠀⠀⠀⠀⠀⠀⢸│ 
      │⡇⠀⠀⠀⠀⠀⠀⠀⡰⠁⠀⠈⠑⠤⡀⠀⠀⠀⠀⠀⡸⠀⠀⠀⠀⠀⠀⠀⠀⠀⠀⠀⢠⠊⠑⢆⠀⠀⠀⠀⠀⠀⠀⠀⡠⠊⠱⡄⠀⠀⠀⠀⠀⠀⠀⠀⠀⠀⠀⢇⠀⠀⠀⠀⠀⢀⡠⠊⠀⠀⠈⢆⠀⠀⠀⠀⠀⠀⠀⢸│ 
      │⡇⠀⠀⠀⠀⠀⠀⢠⠃⠀⠀⠀⠀⠀⠈⠲⠤⡀⠀⠀⡇⠀⠀⠀⠀⠀⠀⠀⠀⠀⢀⠔⠁⠀⠀⠀⠑⢤⠀⠀⠀⠀⣠⠊⠀⠀⠀⠈⢢⡀⠀⠀⠀⠀⠀⠀⠀⠀⠀⢸⠀⠀⢀⡠⠞⠉⠀⠀⠀⠀⠀⠈⡆⠀⠀⠀⠀⠀⠀⢸│ 
      │⡇⠀⠀⠀⠀⠀⢠⠃⠀⠀⠀⠀⠀⠀⠀⠀⠀⠈⠢⣀⡇⠀⠀⠀⠀⠀⠀⠀⠀⢠⠊⠀⠀⠀⠀⠀⠀⠀⠑⢆⡠⠊⠀⠀⠀⠀⠀⠀⠀⠑⣄⣀⣀⣀⣀⣀⣀⣀⣀⣸⣠⠔⠉⠀⠀⠀⠀⠀⠀⠀⠀⠀⠘⣄⣀⣀⣀⣀⣀⣸│ 
      │⡏⠉⠉⠉⠉⠉⠙⡄⠀⠀⠀⠀⠀⠀⠀⠀⠀⣀⠔⠋⡏⠉⠉⠉⠉⠉⠉⠉⠉⠙⢄⠀⠀⠀⠀⠀⠀⠀⡠⠎⠑⢄⠀⠀⠀⠀⠀⠀⠀⡠⠃⠀⠀⠀⠀⠀⠀⠀⠀⢸⠉⠢⡀⠀⠀⠀⠀⠀⠀⠀⠀⠀⢠⠃⠀⠀⠀⠀⠀⢸│ 
      │⡇⠀⠀⠀⠀⠀⠀⠸⡀⠀⠀⠀⠀⠀⣀⡴⠊⠁⠀⠀⡇⠀⠀⠀⠀⠀⠀⠀⠀⠀⠈⠲⡀⠀⠀⠀⣠⠊⠀⠀⠀⠀⠙⢄⠀⠀⠀⢀⠜⠁⠀⠀⠀⠀⠀⠀⠀⠀⠀⢸⠀⠀⠈⠒⠦⡀⠀⠀⠀⠀⠀⢠⠃⠀⠀⠀⠀⠀⠀⢸│ 
      │⡇⠀⠀⠀⠀⠀⠀⠀⠱⡀⠀⠀⡠⠊⠁⠀⠀⠀⠀⠀⢱⠀⠀⠀⠀⠀⠀⠀⠀⠀⠀⠀⠘⢤⡠⠊⠀⠀⠀⠀⠀⠀⠀⠀⠑⢄⡰⠃⠀⠀⠀⠀⠀⠀⠀⠀⠀⠀⠀⡎⠀⠀⠀⠀⠀⠈⠒⢄⡀⠀⢀⠎⠀⠀⠀⠀⠀⠀⠀⢸│ 
      │⡇⠀⠀⠀⠀⠀⠀⢀⣀⣳⠖⠉⠀⠀⠀⠀⠀⠀⠀⠀⠀⣇⠀⠀⠀⠀⠀⠀⠀⠀⠀⠀⡠⠔⠑⠢⣀⠀⠀⠀⠀⠀⠀⢀⠴⠊⠘⢄⠀⠀⠀⠀⠀⠀⠀⠀⠀⠀⣸⠀⠀⠀⠀⠀⠀⠀⠀⠀⠉⠒⣎⣀⣀⠀⠀⠀⠀⠀⠀⢸│ 
      │⣇⣀⠤⠔⠒⠊⠉⠁⠀⠘⡆⠀⠀⠀⠀⠀⠀⠀⠀⠀⠀⠘⢆⠀⠀⠀⠀⠀⠀⠀⡠⠊⠀⠀⠀⠀⠈⠲⢄⡀⠀⣠⠜⠁⠀⠀⠀⠀⠑⢄⠀⠀⠀⠀⠀⠀⠀⡰⠃⠀⠀⠀⠀⠀⠀⠀⠀⠀⠀⢰⠁⠀⠀⠉⠑⠒⠢⠤⣀⣸│ 
      │⡇⠀⠀⠀⠀⠀⠀⠀⠀⠀⡇⠀⠀⠀⠀⠀⠀⠀⠀⠀⠀⠀⠘⢦⠀⠀⠀⠀⡠⠊⠀⠀⠀⠀⠀⠀⠀⠀⠀⠉⡏⠀⠀⠀⠀⠀⠀⠀⠀⠀⠑⢄⠀⠀⠀⠀⡴⠃⠀⠀⠀⠀⠀⠀⠀⠀⠀⠀⠀⢸⠀⠀⠀⠀⠀⠀⠀⠀⠀⢸│ 
      │⡇⠀⠀⠀⠀⠀⠀⠀⠀⠀⢸⠀⠀⠀⠀⠀⠀⠀⠀⠀⠀⠀⠀⠀⠓⣄⡠⠊⠀⠀⠀⠀⠀⠀⠀⠀⠀⠀⠀⠀⡇⠀⠀⠀⠀⠀⠀⠀⠀⠀⠀⠀⠑⢄⣠⠚⠀⠀⠀⠀⠀⠀⠀⠀⠀⠀⠀⠀⠀⡇⠀⠀⠀⠀⠀⠀⠀⠀⠀⢸│ 
      │⡇⠀⠀⠀⠀⠀⠀⠀⠀⠀⠘⡄⠀⠀⠀⠀⠀⠀⠀⣀⡠⠤⠔⠒⠊⡽⠓⣄⠀⠀⠀⠀⠀⠀⠀⠀⠀⠀⠀⠀⡇⠀⠀⠀⠀⠀⠀⠀⠀⠀⠀⠀⣠⠊⢏⠓⠒⠢⠤⢄⣀⠀⠀⠀⠀⠀⠀⠀⢠⠃⠀⠀⠀⠀⠀⠀⠀⠀⠀⢸│ 
      │⡇⠀⠀⠀⠀⠀⠀⠀⠀⠀⠀⣇⣀⠤⠤⠒⠚⠉⠉⠀⠀⠀⠀⠀⢀⠇⠀⠀⠙⠦⢄⡀⠀⠀⠀⠀⠀⠀⠀⠀⡇⠀⠀⠀⠀⠀⠀⠀⢀⡠⠤⠋⠀⠀⠸⡀⠀⠀⠀⠀⠀⠉⠉⠒⠒⠤⢤⣀⣸⠀⠀⠀⠀⠀⠀⠀⠀⠀⠀⢸│ 
      │⣇⣀⣀⠤⠤⠔⠒⠒⠊⠉⠉⡇⠀⠀⠀⠀⠀⠀⠀⠀⠀⠀⠀⠀⡸⠀⠀⠀⠀⠀⠀⠉⠓⠒⠤⢄⣀⣀⣀⣀⣇⣀⣀⣀⡠⠤⠒⠊⠉⠀⠀⠀⠀⠀⠀⢇⠀⠀⠀⠀⠀⠀⠀⠀⠀⠀⠀⠀⢸⠉⠉⠑⠒⠒⠢⠤⠤⣀⣀⣸│ 
      │⡇⠀⠀⠀⠀⠀⠀⠀⠀⠀⠀⡇⠀⠀⠀⠀⠀⠀⠀⠀⠀⠀⠀⢠⠃⠀⠀⠀⠀⠀⠀⠀⠀⠀⠀⠀⠀⠀⢀⠜⠳⡀⠀⠀⠀⠀⠀⠀⠀⠀⠀⠀⠀⠀⠀⠘⡄⠀⠀⠀⠀⠀⠀⠀⠀⠀⠀⠀⢸⠀⠀⠀⠀⠀⠀⠀⠀⠀⠀⢸│ 
      │⡇⠀⠀⠀⠀⠀⠀⠀⠀⠀⠀⡇⠀⠀⠀⠀⠀⠀⠀⠀⠀⠀⠀⡜⠀⠀⠀⠀⠀⠀⠀⠀⠀⠀⠀⠀⠀⡔⠁⠀⠀⠈⢦⠀⠀⠀⠀⠀⠀⠀⠀⠀⠀⠀⠀⠀⢧⠀⠀⠀⠀⠀⠀⠀⠀⠀⠀⠀⢸⠀⠀⠀⠀⠀⠀⠀⠀⠀⠀⢸│ 
      │⡇⠀⠀⠀⠀⠀⠀⠀⠀⠀⢀⠇⠀⠀⠀⠀⠀⠀⠀⠀⠀⠀⢠⠃⠀⠀⠀⠀⠀⠀⠀⠀⠀⠀⠀⢀⠜⠁⠀⠀⠀⠀⠈⠳⡀⠀⠀⠀⠀⠀⠀⠀⠀⠀⠀⠀⠘⡄⠀⠀⠀⠀⠀⠀⠀⠀⠀⠀⠸⡀⠀⠀⠀⠀⠀⠀⠀⠀⠀⢸│ 
      │⡇⠀⠀⠀⠀⠀⠀⠀⠀⠀⢸⠀⠀⠀⠀⠀⠀⠀⠀⠀⠀⠀⡞⠀⠀⠀⠀⠀⠀⠀⠀⠀⠀⠀⡠⠃⠀⠀⠀⠀⠀⠀⠀⠀⠙⢄⠀⠀⠀⠀⠀⠀⠀⠀⠀⠀⠀⢣⠀⠀⠀⠀⠀⠀⠀⠀⠀⠀⠀⡇⠀⠀⠀⠀⠀⠀⠀⠀⠀⢸│ 
      │⣇⣀⣀⣀⣀⣀⡠⠤⠤⠤⢼⠤⠤⠤⠖⠒⠒⠒⠒⠒⠒⢲⠓⠒⠒⠤⠤⠤⣄⣀⣀⣀⠀⡜⠁⠀⠀⠀⠀⠀⠀⠀⠀⠀⠀⠈⢣⠀⠀⣀⣀⣀⠤⠤⠤⠒⠒⠚⡖⠒⠒⠒⠒⠒⠒⠢⠤⠤⠤⡧⠤⠤⠤⢄⣀⣀⣀⣀⣀⣸│ 
      │⡇⠀⠀⠀⠀⠀⠀⠀⠀⠀⢸⠀⠀⠀⠀⠀⠀⠀⠀⠀⠀⡸⠀⠀⠀⠀⠀⠀⠀⠀⠀⠈⡏⠑⠢⠤⣀⠀⠀⠀⠀⠀⠀⣀⡠⠔⠊⢹⠉⠀⠀⠀⠀⠀⠀⠀⠀⠀⢇⠀⠀⠀⠀⠀⠀⠀⠀⠀⠀⡇⠀⠀⠀⠀⠀⠀⠀⠀⠀⢸│ 
      │⡇⠀⠀⠀⠀⠀⠀⠀⠀⠀⡸⠀⠀⠀⠀⠀⠀⠀⠀⠀⠀⡇⠀⠀⠀⠀⠀⠀⠀⠀⠀⢰⠁⠀⠀⠀⠈⠉⠒⠤⡤⠒⠉⠁⠀⠀⠀⠈⡆⠀⠀⠀⠀⠀⠀⠀⠀⠀⢸⠀⠀⠀⠀⠀⠀⠀⠀⠀⠀⢇⠀⠀⠀⠀⠀⠀⠀⠀⠀⢸│ 
      │⡇⠀⠀⠀⠀⠀⠀⠀⠀⠀⡇⠀⠀⠀⠀⠀⠀⠀⠀⠀⢰⠁⠀⠀⠀⠀⠀⠀⠀⠀⠀⡎⠀⠀⠀⠀⠀⠀⠀⠀⡇⠀⠀⠀⠀⠀⠀⠀⢱⠀⠀⠀⠀⠀⠀⠀⠀⠀⠈⡆⠀⠀⠀⠀⠀⠀⠀⠀⠀⢸⠀⠀⠀⠀⠀⠀⠀⠀⠀⢸│ 
      │⡇⠀⠀⠀⠀⠀⠀⠀⠀⠀⡇⠀⠀⠀⠀⠀⠀⠀⠀⠀⡜⠀⠀⠀⠀⠀⠀⠀⠀⠀⢰⠁⠀⠀⠀⠀⠀⠀⠀⠀⡇⠀⠀⠀⠀⠀⠀⠀⠈⡆⠀⠀⠀⠀⠀⠀⠀⠀⠀⢣⠀⠀⠀⠀⠀⠀⠀⠀⠀⢸⠀⠀⠀⠀⠀⠀⠀⠀⠀⢸│ 
   -2 │⣇⣀⣀⣀⣀⣀⣀⣀⣀⣀⣇⣀⣀⣀⣀⣀⣀⣀⣀⣀⣇⣀⣀⣀⣀⣀⣀⣀⣀⣀⣇⣀⣀⣀⣀⣀⣀⣀⣀⣀⣇⣀⣀⣀⣀⣀⣀⣀⣀⣸⣀⣀⣀⣀⣀⣀⣀⣀⣀⣸⣀⣀⣀⣀⣀⣀⣀⣀⣀⣸⣀⣀⣀⣀⣀⣀⣀⣀⣀⣸│ 
      └────────────────────────────────────────────────────────────────────────────────┘ 
      -2                                                                               2dt = 0.00965671344096179
(lvl, ϵ[lvl]) = (1, 9.081431805704101e-6)

dt = 0.004828356720480895
(lvl, ϵ[lvl]) = (2, 6.221082179393138e-7)
rate = 3.867682305827296

dt = 0.0024141783602404476
(lvl, ϵ[lvl]) = (3, 4.121000453744455e-8)
rate = 3.916099036545262

dt = 0.0012070891801202238
(lvl, ϵ[lvl]) = (4, 2.6732076054102486e-9)
rate = 3.946350833508729

sbp_order = 6
bc_map = [1, 1, 2, 2, 7]
[BC_DIRICHLET, BC_NEUMANN, BC_JUMP_INTERFACE] = [1, 2, 7]
(nelems, nfaces) = (56, 128)
                                            mesh
      ┌────────────────────────────────────────────────────────────────────────────────┐ 
    2 │⡏⠉⠉⠉⠉⠉⠉⠉⠉⠉⡏⠉⠉⠉⠉⠉⠉⠉⠉⠉⡏⠉⠉⠉⠉⠉⠉⠉⠉⠉⡏⠉⠉⠉⠉⠉⠉⠉⠉⢹⠉⠉⠉⠉⠉⠉⠉⠉⠉⢹⠉⠉⠉⠉⠉⠉⠉⠉⠉⢹⠉⠉⠉⠉⠉⠉⠉⠉⠉⢹⠉⠉⠉⠉⠉⠉⠉⠉⠉⢹│ 
      │⡇⠀⠀⠀⠀⠀⠀⠀⠀⠀⡇⠀⠀⠀⠀⠀⠀⠀⠀⠀⢣⠀⠀⠀⠀⠀⠀⠀⠀⠀⠸⡀⠀⠀⠀⠀⠀⠀⠀⢸⠀⠀⠀⠀⠀⠀⠀⠀⢀⠇⠀⠀⠀⠀⠀⠀⠀⠀⠀⡜⠀⠀⠀⠀⠀⠀⠀⠀⠀⢸⠀⠀⠀⠀⠀⠀⠀⠀⠀⢸│ 
      │⡇⠀⠀⠀⠀⠀⠀⠀⠀⠀⡇⠀⠀⠀⠀⠀⠀⠀⠀⠀⠸⡀⠀⠀⠀⠀⠀⠀⠀⠀⠀⢇⠀⠀⠀⠀⠀⠀⠀⢸⠀⠀⠀⠀⠀⠀⠀⠀⡸⠀⠀⠀⠀⠀⠀⠀⠀⠀⢀⠇⠀⠀⠀⠀⠀⠀⠀⠀⠀⢸⠀⠀⠀⠀⠀⠀⠀⠀⠀⢸│ 
      │⡇⠀⠀⠀⠀⠀⠀⠀⠀⠀⢱⠀⠀⠀⠀⠀⠀⠀⠀⠀⠀⡇⠀⠀⠀⠀⠀⠀⠀⠀⠀⠸⡀⠀⠀⠀⢀⣀⠤⠚⠒⠤⣀⠀⠀⠀⠀⢠⠃⠀⠀⠀⠀⠀⠀⠀⠀⠀⢸⠀⠀⠀⠀⠀⠀⠀⠀⠀⠀⡎⠀⠀⠀⠀⠀⠀⠀⠀⠀⢸│ 
      │⡇⠀⠀⠀⠀⠀⠀⠀⠀⠀⢸⠀⠀⠀⠀⠀⠀⠀⠀⠀⠀⢱⠀⠀⠀⠀⠀⠀⠀⠀⠀⣀⣇⡤⠔⠊⠁⠀⠀⠀⠀⠀⠀⠉⠑⠢⢄⣼⡀⠀⠀⠀⠀⠀⠀⠀⠀⠀⡎⠀⠀⠀⠀⠀⠀⠀⠀⠀⠀⡇⠀⠀⠀⠀⠀⠀⠀⠀⠀⢸│ 
      │⡏⠉⠉⠉⠉⠉⠙⠒⠒⠒⢺⠒⠒⠒⠢⠤⠤⠤⠤⠤⠤⠼⡤⠤⠤⠒⠒⠒⠉⠉⠉⠀⠈⢣⠀⠀⠀⠀⠀⠀⠀⠀⠀⠀⠀⢀⡜⠀⠈⠉⠉⠉⠒⠒⠒⠤⠤⢤⠧⠤⠤⠤⠤⠤⠤⠔⠒⠒⠒⡗⠒⠒⠒⠊⠉⠉⠉⠉⠉⢹│ 
      │⡇⠀⠀⠀⠀⠀⠀⠀⠀⠀⢸⠀⠀⠀⠀⠀⠀⠀⠀⠀⠀⠀⢣⠀⠀⠀⠀⠀⠀⠀⠀⠀⠀⠀⠑⢄⠀⠀⠀⠀⠀⠀⠀⠀⢠⠊⠀⠀⠀⠀⠀⠀⠀⠀⠀⠀⠀⡼⠀⠀⠀⠀⠀⠀⠀⠀⠀⠀⠀⡇⠀⠀⠀⠀⠀⠀⠀⠀⠀⢸│ 
      │⡇⠀⠀⠀⠀⠀⠀⠀⠀⠀⠈⡆⠀⠀⠀⠀⠀⠀⠀⠀⠀⠀⠘⡄⠀⠀⠀⠀⠀⠀⠀⠀⠀⠀⠀⠈⢧⡀⠀⠀⠀⠀⢀⡔⠁⠀⠀⠀⠀⠀⠀⠀⠀⠀⠀⠀⢠⠃⠀⠀⠀⠀⠀⠀⠀⠀⠀⠀⢸⠀⠀⠀⠀⠀⠀⠀⠀⠀⠀⢸│ 
      │⡇⠀⠀⠀⠀⠀⠀⠀⠀⠀⠀⡇⠀⠀⠀⠀⠀⠀⠀⠀⠀⠀⠀⢳⠀⠀⠀⠀⠀⠀⠀⠀⠀⠀⠀⠀⠀⠱⡄⠀⠀⢀⠜⠀⠀⠀⠀⠀⠀⠀⠀⠀⠀⠀⠀⠀⡜⠀⠀⠀⠀⠀⠀⠀⠀⠀⠀⠀⢸⠀⠀⠀⠀⠀⠀⠀⠀⠀⠀⢸│ 
      │⡇⠀⠀⠀⠀⠀⠀⠀⠀⠀⠀⡇⠀⠀⠀⠀⠀⠀⠀⠀⠀⠀⠀⠘⡄⠀⠀⠀⠀⠀⠀⠀⠀⠀⠀⠀⠀⠀⠈⢦⡔⠁⠀⠀⠀⠀⠀⠀⠀⠀⠀⠀⠀⠀⠀⢠⠃⠀⠀⠀⠀⠀⠀⠀⠀⠀⠀⠀⢸⠀⠀⠀⠀⠀⠀⠀⠀⠀⠀⢸│ 
      │⡏⠉⠉⠒⠒⠢⠤⠤⢄⣀⣀⡇⠀⠀⠀⠀⠀⠀⠀⠀⠀⠀⠀⠀⢱⠀⠀⠀⠀⠀⠀⣀⡤⠤⠒⠊⠉⠉⠉⠉⡏⠉⠉⠉⠑⠒⠤⢤⣀⠀⠀⠀⠀⠀⠀⡎⠀⠀⠀⠀⠀⠀⠀⠀⠀⠀⠀⠀⢸⣀⣀⡠⠤⠤⠔⠒⠒⠉⠉⢹│ 
      │⡇⠀⠀⠀⠀⠀⠀⠀⠀⠀⠀⡏⠉⠓⠒⠤⠤⣀⣀⠀⠀⠀⠀⠀⠈⡆⠀⠀⣠⠖⠊⠁⠀⠀⠀⠀⠀⠀⠀⠀⡇⠀⠀⠀⠀⠀⠀⠀⠈⠑⠲⣄⠀⠀⢰⠁⠀⠀⠀⠀⠀⣀⣀⡤⠤⠒⠒⠉⢹⠀⠀⠀⠀⠀⠀⠀⠀⠀⠀⢸│ 
      │⡇⠀⠀⠀⠀⠀⠀⠀⠀⠀⢠⠃⠀⠀⠀⠀⠀⠀⠀⠉⠑⠒⠢⠤⢤⣱⡤⠋⠀⠀⠀⠀⠀⠀⠀⠀⠀⠀⠀⠀⡇⠀⠀⠀⠀⠀⠀⠀⠀⠀⠀⠀⠙⢤⣎⡠⠤⠔⠒⠊⠉⠀⠀⠀⠀⠀⠀⠀⠘⡄⠀⠀⠀⠀⠀⠀⠀⠀⠀⢸│ 
      │⡇⠀⠀⠀⠀⠀⠀⠀⠀⠀⢸⠀⠀⠀⠀⠀⠀⠀⠀⠀⠀⠀⠀⠀⡤⠋⠑⢄⠀⠀⠀⠀⠀⠀⠀⠀⠀⠀⠀⠀⡇⠀⠀⠀⠀⠀⠀⠀⠀⠀⠀⠀⡠⠊⠙⢤⠀⠀⠀⠀⠀⠀⠀⠀⠀⠀⠀⠀⠀⡇⠀⠀⠀⠀⠀⠀⠀⠀⠀⢸│ 
      │⡇⠀⠀⠀⠀⠀⠀⠀⠀⠀⡇⠀⠀⠀⠀⠀⠀⠀⠀⠀⠀⠀⢠⠞⠀⠀⠀⠀⠑⢄⠀⠀⠀⠀⠀⠀⠀⠀⠀⣀⣇⠀⠀⠀⠀⠀⠀⠀⠀⠀⡠⠊⠀⠀⠀⠀⠳⡄⠀⠀⠀⠀⠀⠀⠀⠀⠀⠀⠀⢹⠀⠀⠀⠀⠀⠀⠀⠀⠀⢸│ 
      │⡏⠉⠒⠢⠤⢄⣀⠀⠀⢀⠇⠀⠀⠀⠀⠀⠀⠀⠀⠀⠀⢠⠎⠀⠀⠀⠀⠀⠀⠀⠑⢄⡀⠀⠀⠀⣀⠴⠊⠀⠀⠑⠢⡀⠀⠀⠀⠀⡠⠊⠀⠀⠀⠀⠀⠀⠀⠱⡄⠀⠀⠀⠀⠀⠀⠀⠀⠀⠀⠸⡄⠀⢀⣀⡠⠤⠔⠒⠉⢹│ 
      │⡇⠀⠀⠀⠀⠀⠀⠉⠉⡹⠤⣀⠀⠀⠀⠀⠀⠀⠀⠀⠀⡏⠀⠀⠀⠀⠀⠀⠀⠀⠀⠀⠈⢢⡠⠖⠁⠀⠀⠀⠀⠀⠀⠈⠲⢄⣠⠊⠀⠀⠀⠀⠀⠀⠀⠀⠀⠀⢹⠀⠀⠀⠀⠀⠀⠀⠀⠀⣀⠴⢯⠉⠁⠀⠀⠀⠀⠀⠀⢸│ 
      │⡇⠀⠀⠀⠀⠀⠀⠀⡰⠁⠀⠈⠑⠤⡀⠀⠀⠀⠀⠀⡸⠀⠀⠀⠀⠀⠀⠀⠀⠀⠀⠀⢠⠊⠑⢆⠀⠀⠀⠀⠀⠀⠀⠀⡠⠊⠱⡄⠀⠀⠀⠀⠀⠀⠀⠀⠀⠀⠀⢇⠀⠀⠀⠀⠀⢀⡠⠊⠀⠀⠈⢆⠀⠀⠀⠀⠀⠀⠀⢸│ 
      │⡇⠀⠀⠀⠀⠀⠀⢠⠃⠀⠀⠀⠀⠀⠈⠲⠤⡀⠀⠀⡇⠀⠀⠀⠀⠀⠀⠀⠀⠀⢀⠔⠁⠀⠀⠀⠑⢤⠀⠀⠀⠀⣠⠊⠀⠀⠀⠈⢢⡀⠀⠀⠀⠀⠀⠀⠀⠀⠀⢸⠀⠀⢀⡠⠞⠉⠀⠀⠀⠀⠀⠈⡆⠀⠀⠀⠀⠀⠀⢸│ 
      │⡇⠀⠀⠀⠀⠀⢠⠃⠀⠀⠀⠀⠀⠀⠀⠀⠀⠈⠢⣀⡇⠀⠀⠀⠀⠀⠀⠀⠀⢠⠊⠀⠀⠀⠀⠀⠀⠀⠑⢆⡠⠊⠀⠀⠀⠀⠀⠀⠀⠑⣄⣀⣀⣀⣀⣀⣀⣀⣀⣸⣠⠔⠉⠀⠀⠀⠀⠀⠀⠀⠀⠀⠘⣄⣀⣀⣀⣀⣀⣸│ 
      │⡏⠉⠉⠉⠉⠉⠙⡄⠀⠀⠀⠀⠀⠀⠀⠀⠀⣀⠔⠋⡏⠉⠉⠉⠉⠉⠉⠉⠉⠙⢄⠀⠀⠀⠀⠀⠀⠀⡠⠎⠑⢄⠀⠀⠀⠀⠀⠀⠀⡠⠃⠀⠀⠀⠀⠀⠀⠀⠀⢸⠉⠢⡀⠀⠀⠀⠀⠀⠀⠀⠀⠀⢠⠃⠀⠀⠀⠀⠀⢸│ 
      │⡇⠀⠀⠀⠀⠀⠀⠸⡀⠀⠀⠀⠀⠀⣀⡴⠊⠁⠀⠀⡇⠀⠀⠀⠀⠀⠀⠀⠀⠀⠈⠲⡀⠀⠀⠀⣠⠊⠀⠀⠀⠀⠙⢄⠀⠀⠀⢀⠜⠁⠀⠀⠀⠀⠀⠀⠀⠀⠀⢸⠀⠀⠈⠒⠦⡀⠀⠀⠀⠀⠀⢠⠃⠀⠀⠀⠀⠀⠀⢸│ 
      │⡇⠀⠀⠀⠀⠀⠀⠀⠱⡀⠀⠀⡠⠊⠁⠀⠀⠀⠀⠀⢱⠀⠀⠀⠀⠀⠀⠀⠀⠀⠀⠀⠘⢤⡠⠊⠀⠀⠀⠀⠀⠀⠀⠀⠑⢄⡰⠃⠀⠀⠀⠀⠀⠀⠀⠀⠀⠀⠀⡎⠀⠀⠀⠀⠀⠈⠒⢄⡀⠀⢀⠎⠀⠀⠀⠀⠀⠀⠀⢸│ 
      │⡇⠀⠀⠀⠀⠀⠀⢀⣀⣳⠖⠉⠀⠀⠀⠀⠀⠀⠀⠀⠀⣇⠀⠀⠀⠀⠀⠀⠀⠀⠀⠀⡠⠔⠑⠢⣀⠀⠀⠀⠀⠀⠀⢀⠴⠊⠘⢄⠀⠀⠀⠀⠀⠀⠀⠀⠀⠀⣸⠀⠀⠀⠀⠀⠀⠀⠀⠀⠉⠒⣎⣀⣀⠀⠀⠀⠀⠀⠀⢸│ 
      │⣇⣀⠤⠔⠒⠊⠉⠁⠀⠘⡆⠀⠀⠀⠀⠀⠀⠀⠀⠀⠀⠘⢆⠀⠀⠀⠀⠀⠀⠀⡠⠊⠀⠀⠀⠀⠈⠲⢄⡀⠀⣠⠜⠁⠀⠀⠀⠀⠑⢄⠀⠀⠀⠀⠀⠀⠀⡰⠃⠀⠀⠀⠀⠀⠀⠀⠀⠀⠀⢰⠁⠀⠀⠉⠑⠒⠢⠤⣀⣸│ 
      │⡇⠀⠀⠀⠀⠀⠀⠀⠀⠀⡇⠀⠀⠀⠀⠀⠀⠀⠀⠀⠀⠀⠘⢦⠀⠀⠀⠀⡠⠊⠀⠀⠀⠀⠀⠀⠀⠀⠀⠉⡏⠀⠀⠀⠀⠀⠀⠀⠀⠀⠑⢄⠀⠀⠀⠀⡴⠃⠀⠀⠀⠀⠀⠀⠀⠀⠀⠀⠀⢸⠀⠀⠀⠀⠀⠀⠀⠀⠀⢸│ 
      │⡇⠀⠀⠀⠀⠀⠀⠀⠀⠀⢸⠀⠀⠀⠀⠀⠀⠀⠀⠀⠀⠀⠀⠀⠓⣄⡠⠊⠀⠀⠀⠀⠀⠀⠀⠀⠀⠀⠀⠀⡇⠀⠀⠀⠀⠀⠀⠀⠀⠀⠀⠀⠑⢄⣠⠚⠀⠀⠀⠀⠀⠀⠀⠀⠀⠀⠀⠀⠀⡇⠀⠀⠀⠀⠀⠀⠀⠀⠀⢸│ 
      │⡇⠀⠀⠀⠀⠀⠀⠀⠀⠀⠘⡄⠀⠀⠀⠀⠀⠀⠀⣀⡠⠤⠔⠒⠊⡽⠓⣄⠀⠀⠀⠀⠀⠀⠀⠀⠀⠀⠀⠀⡇⠀⠀⠀⠀⠀⠀⠀⠀⠀⠀⠀⣠⠊⢏⠓⠒⠢⠤⢄⣀⠀⠀⠀⠀⠀⠀⠀⢠⠃⠀⠀⠀⠀⠀⠀⠀⠀⠀⢸│ 
      │⡇⠀⠀⠀⠀⠀⠀⠀⠀⠀⠀⣇⣀⠤⠤⠒⠚⠉⠉⠀⠀⠀⠀⠀⢀⠇⠀⠀⠙⠦⢄⡀⠀⠀⠀⠀⠀⠀⠀⠀⡇⠀⠀⠀⠀⠀⠀⠀⢀⡠⠤⠋⠀⠀⠸⡀⠀⠀⠀⠀⠀⠉⠉⠒⠒⠤⢤⣀⣸⠀⠀⠀⠀⠀⠀⠀⠀⠀⠀⢸│ 
      │⣇⣀⣀⠤⠤⠔⠒⠒⠊⠉⠉⡇⠀⠀⠀⠀⠀⠀⠀⠀⠀⠀⠀⠀⡸⠀⠀⠀⠀⠀⠀⠉⠓⠒⠤⢄⣀⣀⣀⣀⣇⣀⣀⣀⡠⠤⠒⠊⠉⠀⠀⠀⠀⠀⠀⢇⠀⠀⠀⠀⠀⠀⠀⠀⠀⠀⠀⠀⢸⠉⠉⠑⠒⠒⠢⠤⠤⣀⣀⣸│ 
      │⡇⠀⠀⠀⠀⠀⠀⠀⠀⠀⠀⡇⠀⠀⠀⠀⠀⠀⠀⠀⠀⠀⠀⢠⠃⠀⠀⠀⠀⠀⠀⠀⠀⠀⠀⠀⠀⠀⢀⠜⠳⡀⠀⠀⠀⠀⠀⠀⠀⠀⠀⠀⠀⠀⠀⠘⡄⠀⠀⠀⠀⠀⠀⠀⠀⠀⠀⠀⢸⠀⠀⠀⠀⠀⠀⠀⠀⠀⠀⢸│ 
      │⡇⠀⠀⠀⠀⠀⠀⠀⠀⠀⠀⡇⠀⠀⠀⠀⠀⠀⠀⠀⠀⠀⠀⡜⠀⠀⠀⠀⠀⠀⠀⠀⠀⠀⠀⠀⠀⡔⠁⠀⠀⠈⢦⠀⠀⠀⠀⠀⠀⠀⠀⠀⠀⠀⠀⠀⢧⠀⠀⠀⠀⠀⠀⠀⠀⠀⠀⠀⢸⠀⠀⠀⠀⠀⠀⠀⠀⠀⠀⢸│ 
      │⡇⠀⠀⠀⠀⠀⠀⠀⠀⠀⢀⠇⠀⠀⠀⠀⠀⠀⠀⠀⠀⠀⢠⠃⠀⠀⠀⠀⠀⠀⠀⠀⠀⠀⠀⢀⠜⠁⠀⠀⠀⠀⠈⠳⡀⠀⠀⠀⠀⠀⠀⠀⠀⠀⠀⠀⠘⡄⠀⠀⠀⠀⠀⠀⠀⠀⠀⠀⠸⡀⠀⠀⠀⠀⠀⠀⠀⠀⠀⢸│ 
      │⡇⠀⠀⠀⠀⠀⠀⠀⠀⠀⢸⠀⠀⠀⠀⠀⠀⠀⠀⠀⠀⠀⡞⠀⠀⠀⠀⠀⠀⠀⠀⠀⠀⠀⡠⠃⠀⠀⠀⠀⠀⠀⠀⠀⠙⢄⠀⠀⠀⠀⠀⠀⠀⠀⠀⠀⠀⢣⠀⠀⠀⠀⠀⠀⠀⠀⠀⠀⠀⡇⠀⠀⠀⠀⠀⠀⠀⠀⠀⢸│ 
      │⣇⣀⣀⣀⣀⣀⡠⠤⠤⠤⢼⠤⠤⠤⠖⠒⠒⠒⠒⠒⠒⢲⠓⠒⠒⠤⠤⠤⣄⣀⣀⣀⠀⡜⠁⠀⠀⠀⠀⠀⠀⠀⠀⠀⠀⠈⢣⠀⠀⣀⣀⣀⠤⠤⠤⠒⠒⠚⡖⠒⠒⠒⠒⠒⠒⠢⠤⠤⠤⡧⠤⠤⠤⢄⣀⣀⣀⣀⣀⣸│ 
      │⡇⠀⠀⠀⠀⠀⠀⠀⠀⠀⢸⠀⠀⠀⠀⠀⠀⠀⠀⠀⠀⡸⠀⠀⠀⠀⠀⠀⠀⠀⠀⠈⡏⠑⠢⠤⣀⠀⠀⠀⠀⠀⠀⣀⡠⠔⠊⢹⠉⠀⠀⠀⠀⠀⠀⠀⠀⠀⢇⠀⠀⠀⠀⠀⠀⠀⠀⠀⠀⡇⠀⠀⠀⠀⠀⠀⠀⠀⠀⢸│ 
      │⡇⠀⠀⠀⠀⠀⠀⠀⠀⠀⡸⠀⠀⠀⠀⠀⠀⠀⠀⠀⠀⡇⠀⠀⠀⠀⠀⠀⠀⠀⠀⢰⠁⠀⠀⠀⠈⠉⠒⠤⡤⠒⠉⠁⠀⠀⠀⠈⡆⠀⠀⠀⠀⠀⠀⠀⠀⠀⢸⠀⠀⠀⠀⠀⠀⠀⠀⠀⠀⢇⠀⠀⠀⠀⠀⠀⠀⠀⠀⢸│ 
      │⡇⠀⠀⠀⠀⠀⠀⠀⠀⠀⡇⠀⠀⠀⠀⠀⠀⠀⠀⠀⢰⠁⠀⠀⠀⠀⠀⠀⠀⠀⠀⡎⠀⠀⠀⠀⠀⠀⠀⠀⡇⠀⠀⠀⠀⠀⠀⠀⢱⠀⠀⠀⠀⠀⠀⠀⠀⠀⠈⡆⠀⠀⠀⠀⠀⠀⠀⠀⠀⢸⠀⠀⠀⠀⠀⠀⠀⠀⠀⢸│ 
      │⡇⠀⠀⠀⠀⠀⠀⠀⠀⠀⡇⠀⠀⠀⠀⠀⠀⠀⠀⠀⡜⠀⠀⠀⠀⠀⠀⠀⠀⠀⢰⠁⠀⠀⠀⠀⠀⠀⠀⠀⡇⠀⠀⠀⠀⠀⠀⠀⠈⡆⠀⠀⠀⠀⠀⠀⠀⠀⠀⢣⠀⠀⠀⠀⠀⠀⠀⠀⠀⢸⠀⠀⠀⠀⠀⠀⠀⠀⠀⢸│ 
   -2 │⣇⣀⣀⣀⣀⣀⣀⣀⣀⣀⣇⣀⣀⣀⣀⣀⣀⣀⣀⣀⣇⣀⣀⣀⣀⣀⣀⣀⣀⣀⣇⣀⣀⣀⣀⣀⣀⣀⣀⣀⣇⣀⣀⣀⣀⣀⣀⣀⣀⣸⣀⣀⣀⣀⣀⣀⣀⣀⣀⣸⣀⣀⣀⣀⣀⣀⣀⣀⣀⣸⣀⣀⣀⣀⣀⣀⣀⣀⣀⣸│ 
      └────────────────────────────────────────────────────────────────────────────────┘ 
      -2                                                                               2dt = 0.00965671344096179
(lvl, ϵ[lvl]) = (1, 1.5858108178976352e-6)

dt = 0.004828356720480895
(lvl, ϵ[lvl]) = (2, 6.134934113328974e-8)
rate = 4.692029012209273

dt = 0.0024141783602404476
(lvl, ϵ[lvl]) = (3, 2.1634424243046745e-9)
rate = 4.825647218080748

dt = 0.0012070891801202238
(lvl, ϵ[lvl]) = (4, 7.200537658686824e-11)
rate = 4.909080281079172

